2022-04-08 17:22:34 [127.0.0.1][-][1e55c30hn3kjd13p31nu8193dru3ma4o][error][yii\db\Exception] PDOException: SQLSTATE[42S02]: Base table or view not found: 1146 Table 'yii2advanced.auth_assignment' doesn't exist in C:\OpenServer\domains\stoma-service\vendor\yiisoft\yii2\db\Command.php:1302
Stack trace:
#0 C:\OpenServer\domains\stoma-service\vendor\yiisoft\yii2\db\Command.php(1302): PDOStatement->execute()
#1 C:\OpenServer\domains\stoma-service\vendor\yiisoft\yii2\db\Command.php(1102): yii\db\Command->internalExecute()
#2 C:\OpenServer\domains\stoma-service\vendor\yiisoft\yii2\rbac\DbManager.php(894): yii\db\Command->execute()
#3 C:\OpenServer\domains\stoma-service\common\models\User.php(263): yii\rbac\DbManager->revokeAll()
#4 C:\OpenServer\domains\stoma-service\vendor\yiisoft\yii2\db\ActiveRecord.php(615): common\models\User->afterSave()
#5 C:\OpenServer\domains\stoma-service\vendor\yiisoft\yii2\db\ActiveRecord.php(570): yii\db\ActiveRecord->insertInternal()
#6 C:\OpenServer\domains\stoma-service\vendor\yiisoft\yii2\db\BaseActiveRecord.php(676): yii\db\ActiveRecord->insert()
#7 C:\OpenServer\domains\stoma-service\frontend\models\SignupForm.php(59): yii\db\BaseActiveRecord->save()
#8 C:\OpenServer\domains\stoma-service\frontend\controllers\SiteController.php(157): frontend\models\SignupForm->signup()
#9 [internal function]: frontend\controllers\SiteController->actionSignup()
#10 C:\OpenServer\domains\stoma-service\vendor\yiisoft\yii2\base\InlineAction.php(57): call_user_func_array()
#11 C:\OpenServer\domains\stoma-service\vendor\yiisoft\yii2\base\Controller.php(178): yii\base\InlineAction->runWithParams()
#12 C:\OpenServer\domains\stoma-service\vendor\yiisoft\yii2\base\Module.php(552): yii\base\Controller->runAction()
#13 C:\OpenServer\domains\stoma-service\vendor\yiisoft\yii2\web\Application.php(103): yii\base\Module->runAction()
#14 C:\OpenServer\domains\stoma-service\vendor\yiisoft\yii2\base\Application.php(384): yii\web\Application->handleRequest()
#15 C:\OpenServer\domains\stoma-service\frontend\web\index.php(18): yii\base\Application->run()
#16 {main}

Next yii\db\Exception: SQLSTATE[42S02]: Base table or view not found: 1146 Table 'yii2advanced.auth_assignment' doesn't exist
The SQL being executed was: DELETE FROM `auth_assignment` WHERE `user_id`='1' in C:\OpenServer\domains\stoma-service\vendor\yiisoft\yii2\db\Schema.php:676
Stack trace:
#0 C:\OpenServer\domains\stoma-service\vendor\yiisoft\yii2\db\Command.php(1307): yii\db\Schema->convertException()
#1 C:\OpenServer\domains\stoma-service\vendor\yiisoft\yii2\db\Command.php(1102): yii\db\Command->internalExecute()
#2 C:\OpenServer\domains\stoma-service\vendor\yiisoft\yii2\rbac\DbManager.php(894): yii\db\Command->execute()
#3 C:\OpenServer\domains\stoma-service\common\models\User.php(263): yii\rbac\DbManager->revokeAll()
#4 C:\OpenServer\domains\stoma-service\vendor\yiisoft\yii2\db\ActiveRecord.php(615): common\models\User->afterSave()
#5 C:\OpenServer\domains\stoma-service\vendor\yiisoft\yii2\db\ActiveRecord.php(570): yii\db\ActiveRecord->insertInternal()
#6 C:\OpenServer\domains\stoma-service\vendor\yiisoft\yii2\db\BaseActiveRecord.php(676): yii\db\ActiveRecord->insert()
#7 C:\OpenServer\domains\stoma-service\frontend\models\SignupForm.php(59): yii\db\BaseActiveRecord->save()
#8 C:\OpenServer\domains\stoma-service\frontend\controllers\SiteController.php(157): frontend\models\SignupForm->signup()
#9 [internal function]: frontend\controllers\SiteController->actionSignup()
#10 C:\OpenServer\domains\stoma-service\vendor\yiisoft\yii2\base\InlineAction.php(57): call_user_func_array()
#11 C:\OpenServer\domains\stoma-service\vendor\yiisoft\yii2\base\Controller.php(178): yii\base\InlineAction->runWithParams()
#12 C:\OpenServer\domains\stoma-service\vendor\yiisoft\yii2\base\Module.php(552): yii\base\Controller->runAction()
#13 C:\OpenServer\domains\stoma-service\vendor\yiisoft\yii2\web\Application.php(103): yii\base\Module->runAction()
#14 C:\OpenServer\domains\stoma-service\vendor\yiisoft\yii2\base\Application.php(384): yii\web\Application->handleRequest()
#15 C:\OpenServer\domains\stoma-service\frontend\web\index.php(18): yii\base\Application->run()
#16 {main}
Additional Information:
Array
(
    [0] => 42S02
    [1] => 1146
    [2] => Table 'yii2advanced.auth_assignment' doesn't exist
)

2022-04-08 17:22:31 [127.0.0.1][-][1e55c30hn3kjd13p31nu8193dru3ma4o][info][application] $_GET = []

$_POST = [
    '_csrf-frontend' => 'ulOXnGc8f3WPkORFVNHkoEE7_Tq5vSiYVCfArD0CedSKBN_5EHMzIu6kgiJjt9CUcWq0YvHWbak7X5THCmwy4g=='
    'SignupForm' => [
        'username' => 'shahzod'
        'email' => 'sh@gmail.com'
        'password' => '12345678'
    ]
    'signup-button' => ''
]

$_FILES = []

$_COOKIE = [
    'advanced-frontend' => '1e55c30hn3kjd13p31nu8193dru3ma4o'
    '_csrf-frontend' => '7c1f74dbdad0b034f582fb483c7be10c2f314c52a013dd25c19f1b09f1686fa1a:2:{i:0;s:14:\"_csrf-frontend\";i:1;s:32:\"0WHewOLWa4fg7f440QIXHkE1oxTk7nK6\";}'
    'advanced-backend' => '79d91sss8ggvd47guoebu8stduof5jcv'
    '_csrf-backend' => '5836d51ac03ddafa8ee1ba2e68ee1eb16519f3409cb5d15e2a9dc33b8fd90fd7a:2:{i:0;s:13:\"_csrf-backend\";i:1;s:32:\"WU0db6pg9Klv9nucJxsVjnguQkMAU_D9\";}'
]

$_SESSION = [
    '__flash' => []
    '__captcha/site/captcha' => 'cocosbo'
    '__captcha/site/captchacount' => 1
]

$_SERVER = [
    'REDIRECT_STATUS' => '200'
    'HTTP_HOST' => 'stoma.test'
    'HTTP_CONNECTION' => 'keep-alive'
    'CONTENT_LENGTH' => '226'
    'HTTP_CACHE_CONTROL' => 'max-age=0'
    'HTTP_UPGRADE_INSECURE_REQUESTS' => '1'
    'HTTP_ORIGIN' => 'http://stoma.test'
    'CONTENT_TYPE' => 'application/x-www-form-urlencoded'
    'HTTP_USER_AGENT' => 'Mozilla/5.0 (Windows NT 10.0; Win64; x64) AppleWebKit/537.36 (KHTML, like Gecko) Chrome/100.0.4896.75 Safari/537.36'
    'HTTP_ACCEPT' => 'text/html,application/xhtml+xml,application/xml;q=0.9,image/avif,image/webp,image/apng,*/*;q=0.8,application/signed-exchange;v=b3;q=0.9'
    'HTTP_REFERER' => 'http://stoma.test/frontend/web/site/signup'
    'HTTP_ACCEPT_ENCODING' => 'gzip, deflate'
    'HTTP_ACCEPT_LANGUAGE' => 'uz-UZ,uz;q=0.9,en-US;q=0.8,en;q=0.7'
    'HTTP_COOKIE' => 'advanced-frontend=1e55c30hn3kjd13p31nu8193dru3ma4o; _csrf-frontend=7c1f74dbdad0b034f582fb483c7be10c2f314c52a013dd25c19f1b09f1686fa1a%3A2%3A%7Bi%3A0%3Bs%3A14%3A%22_csrf-frontend%22%3Bi%3A1%3Bs%3A32%3A%220WHewOLWa4fg7f440QIXHkE1oxTk7nK6%22%3B%7D; advanced-backend=79d91sss8ggvd47guoebu8stduof5jcv; _csrf-backend=5836d51ac03ddafa8ee1ba2e68ee1eb16519f3409cb5d15e2a9dc33b8fd90fd7a%3A2%3A%7Bi%3A0%3Bs%3A13%3A%22_csrf-backend%22%3Bi%3A1%3Bs%3A32%3A%22WU0db6pg9Klv9nucJxsVjnguQkMAU_D9%22%3B%7D'
    'PATH' => 'c:\\openserver\\modules\\php\\PHP_7.4\\ext;c:\\openserver\\modules\\php\\PHP_7.4\\pear;c:\\openserver\\modules\\php\\PHP_7.4\\pear\\bin;c:\\openserver\\modules\\php\\PHP_7.4;c:\\openserver\\modules\\wget\\bin;c:\\openserver\\modules\\database\\MySQL-5.7\\bin;c:\\openserver\\modules\\http\\Apache_2.4-PHP_7.0-7.1\\bin;c:\\openserver\\modules\\http\\Apache_2.4-PHP_7.0-7.1;C:\\Windows\\system32;C:\\Windows;C:\\Windows\\system32\\Wbem;C:\\Windows\\SysWOW64'
    'SystemRoot' => 'C:\\Windows'
    'COMSPEC' => 'C:\\Windows\\system32\\cmd.exe'
    'PATHEXT' => '.COM;.EXE;.BAT;.CMD;.VBS;.VBE;.JS;.JSE;.WSF;.WSH;.MSC'
    'WINDIR' => 'C:\\Windows'
    'SERVER_SIGNATURE' => ''
    'SERVER_SOFTWARE' => 'Apache'
    'SERVER_NAME' => 'stoma.test'
    'SERVER_ADDR' => '127.0.0.1'
    'SERVER_PORT' => '80'
    'REMOTE_ADDR' => '127.0.0.1'
    'DOCUMENT_ROOT' => 'C:/OpenServer/domains/stoma-service'
    'REQUEST_SCHEME' => 'http'
    'CONTEXT_PREFIX' => ''
    'CONTEXT_DOCUMENT_ROOT' => 'C:/OpenServer/domains/stoma-service'
    'SERVER_ADMIN' => '[no address given]'
    'SCRIPT_FILENAME' => 'C:/OpenServer/domains/stoma-service/frontend/web/index.php'
    'REMOTE_PORT' => '59317'
    'REDIRECT_URL' => '/frontend/web/site/signup'
    'GATEWAY_INTERFACE' => 'CGI/1.1'
    'SERVER_PROTOCOL' => 'HTTP/1.1'
    'REQUEST_METHOD' => 'POST'
    'QUERY_STRING' => ''
    'REQUEST_URI' => '/frontend/web/site/signup'
    'SCRIPT_NAME' => '/frontend/web/index.php'
    'PHP_SELF' => '/frontend/web/index.php'
    'REQUEST_TIME_FLOAT' => 1649420551.6292
    'REQUEST_TIME' => 1649420551
]
